#
# There is insufficient memory for the Java Runtime Environment to continue.
# Native memory allocation (malloc) failed to allocate 32744 bytes. Error detail: ChunkPool::allocate
# Possible reasons:
#   The system is out of physical RAM or swap space
#   This process is running with CompressedOops enabled, and the Java Heap may be blocking the growth of the native heap
# Possible solutions:
#   Reduce memory load on the system
#   Increase physical memory or swap space
#   Check if swap backing store is full
#   Decrease Java heap size (-Xmx/-Xms)
#   Decrease number of Java threads
#   Decrease Java thread stack sizes (-Xss)
#   Set larger code cache with -XX:ReservedCodeCacheSize=
#   JVM is running with Unscaled Compressed Oops mode in which the Java heap is
#     placed in the first 4GB address space. The Java Heap base address is the
#     maximum limit for the native heap growth. Please use -XX:HeapBaseMinAddress
#     to set the Java Heap base and to place the Java Heap above 4GB virtual address.
# This output file may be truncated or incomplete.
#
#  Out of Memory Error (arena.cpp:79), pid=30476, tid=23520
#
# JRE version: OpenJDK Runtime Environment Corretto-17.0.13.11.1 (17.0.13+11) (build 17.0.13+11-LTS)
# Java VM: OpenJDK 64-Bit Server VM Corretto-17.0.13.11.1 (17.0.13+11-LTS, mixed mode, sharing, tiered, compressed oops, compressed class ptrs, g1 gc, windows-amd64)
# No core dump will be written. Minidumps are not enabled by default on client versions of Windows
#

---------------  S U M M A R Y ------------

Command Line: -Xmx64m -Xms64m -Dorg.gradle.appname=gradlew C:/Users/tania/Documents/USB_19-12-24/Tutorials-ÛÁÏÂÈ˛ÛÂÈÚ/_”≈Ã…Õ¡—…¡/œ–¡_Coding Factory/final project-tourist guides app/touristguidesapp/gradle/wrapper/gradle-wrapper.jar bootRun

Host: AMD Ryzen 7 7840HS w/ Radeon 780M Graphics     , 16 cores, 15G,  Windows 11 , 64 bit Build 26100 (10.0.26100.4768)
Time: Mon Sep  1 21:01:08 2025  Windows 11 , 64 bit Build 26100 (10.0.26100.4768) elapsed time: 135.334560 seconds (0d 0h 2m 15s)

---------------  T H R E A D  ---------------

Current thread (0x000002256515b7c0):  JavaThread "C2 CompilerThread0" daemon [_thread_in_native, id=23520, stack(0x000000da05f00000,0x000000da06000000)]


Current CompileTask:
C2: 135335 2115       4       org.fusesource.jansi.Ansi::flushAttributes (94 bytes)

Stack: [0x000000da05f00000,0x000000da06000000]
Native frames: (J=compiled Java code, j=interpreted, Vv=VM code, C=native code)
V  [jvm.dll+0x680c19]
V  [jvm.dll+0x83888a]
V  [jvm.dll+0x83a34e]
V  [jvm.dll+0x83a9b3]
V  [jvm.dll+0x2481af]
V  [jvm.dll+0xacbf1]
V  [jvm.dll+0xad03c]
V  [jvm.dll+0xacafb]
V  [jvm.dll+0x65e1d6]
V  [jvm.dll+0x65cb44]
V  [jvm.dll+0x61ff6b]
V  [jvm.dll+0x61933e]
V  [jvm.dll+0x34bb45]
V  [jvm.dll+0x34c854]
V  [jvm.dll+0x34876c]
V  [jvm.dll+0x34e19a]
V  [jvm.dll+0x342f52]
V  [jvm.dll+0x34ab5c]
V  [jvm.dll+0x1a91fd]
V  [jvm.dll+0x2ae9f4]
V  [jvm.dll+0x699135]
V  [jvm.dll+0x6910eb]
V  [jvm.dll+0x690727]
V  [jvm.dll+0x68e612]
V  [jvm.dll+0x1a87fc]
V  [jvm.dll+0x2196f8]
V  [jvm.dll+0x1a58ed]
V  [jvm.dll+0x22988d]
V  [jvm.dll+0x227a1c]
V  [jvm.dll+0x7ed737]
V  [jvm.dll+0x7e7b2c]
V  [jvm.dll+0x67fae7]
C  [ucrtbase.dll+0x37b0]
C  [KERNEL32.DLL+0x2e8d7]
C  [ntdll.dll+0x3c34c]


---------------  P R O C E S S  ---------------

Threads class SMR info:
_java_thread_list=0x00000225654eb3c0, length=13, elements={
0x0000022509b18380, 0x000002256512ba10, 0x000002256512c5d0, 0x0000022565145340,
0x0000022565145f00, 0x000002256514d550, 0x000002256514df10, 0x000002256515b7c0,
0x0000022565169b30, 0x000002256516e460, 0x00000225652c4f50, 0x00000225652cab00,
0x000002256a43f240
}

Java Threads: ( => current thread )
  0x0000022509b18380 JavaThread "main" [_thread_in_native, id=8148, stack(0x000000da05200000,0x000000da05300000)]
  0x000002256512ba10 JavaThread "Reference Handler" daemon [_thread_blocked, id=34660, stack(0x000000da05900000,0x000000da05a00000)]
  0x000002256512c5d0 JavaThread "Finalizer" daemon [_thread_blocked, id=42564, stack(0x000000da05a00000,0x000000da05b00000)]
  0x0000022565145340 JavaThread "Signal Dispatcher" daemon [_thread_blocked, id=17272, stack(0x000000da05b00000,0x000000da05c00000)]
  0x0000022565145f00 JavaThread "Attach Listener" daemon [_thread_blocked, id=12452, stack(0x000000da05c00000,0x000000da05d00000)]
  0x000002256514d550 JavaThread "Service Thread" daemon [_thread_blocked, id=13364, stack(0x000000da05d00000,0x000000da05e00000)]
  0x000002256514df10 JavaThread "Monitor Deflation Thread" daemon [_thread_blocked, id=12428, stack(0x000000da05e00000,0x000000da05f00000)]
=>0x000002256515b7c0 JavaThread "C2 CompilerThread0" daemon [_thread_in_native, id=23520, stack(0x000000da05f00000,0x000000da06000000)]
  0x0000022565169b30 JavaThread "C1 CompilerThread0" daemon [_thread_blocked, id=39852, stack(0x000000da06000000,0x000000da06100000)]
  0x000002256516e460 JavaThread "Sweeper thread" daemon [_thread_blocked, id=2168, stack(0x000000da06100000,0x000000da06200000)]
  0x00000225652c4f50 JavaThread "Notification Thread" daemon [_thread_blocked, id=3560, stack(0x000000da06500000,0x000000da06600000)]
  0x00000225652cab00 JavaThread "Common-Cleaner" daemon [_thread_blocked, id=21880, stack(0x000000da06700000,0x000000da06800000)]
  0x000002256a43f240 JavaThread "pool-1-thread-1" [_thread_blocked, id=39240, stack(0x000000da07000000,0x000000da07100000)]

Other Threads:
  0x0000022565125960 VMThread "VM Thread" [stack: 0x000000da05800000,0x000000da05900000] [id=29428]
  0x00000225652c9a90 WatcherThread [stack: 0x000000da06600000,0x000000da06700000] [id=24500]
  0x0000022509b3b820 GCTaskThread "GC Thread#0" [stack: 0x000000da05300000,0x000000da05400000] [id=9204]
  0x0000022565752dd0 GCTaskThread "GC Thread#1" [stack: 0x000000da06a00000,0x000000da06b00000] [id=12412]
  0x00000225655802b0 GCTaskThread "GC Thread#2" [stack: 0x000000da06b00000,0x000000da06c00000] [id=32680]
  0x00000225655f9a80 GCTaskThread "GC Thread#3" [stack: 0x000000da06c00000,0x000000da06d00000] [id=20336]
  0x00000225655fa580 GCTaskThread "GC Thread#4" [stack: 0x000000da06d00000,0x000000da06e00000] [id=23704]
  0x00000225655fa2c0 GCTaskThread "GC Thread#5" [stack: 0x000000da07100000,0x000000da07200000] [id=7072]
  0x00000225655fab00 GCTaskThread "GC Thread#6" [stack: 0x000000da07200000,0x000000da07300000] [id=17888]
  0x00000225655fadc0 GCTaskThread "GC Thread#7" [stack: 0x000000da07300000,0x000000da07400000] [id=5928]
  0x0000022509b3cf70 ConcurrentGCThread "G1 Main Marker" [stack: 0x000000da05400000,0x000000da05500000] [id=10756]
  0x0000022509b3e660 ConcurrentGCThread "G1 Conc#0" [stack: 0x000000da05500000,0x000000da05600000] [id=16692]
  0x0000022509bbaef0 ConcurrentGCThread "G1 Refine#0" [stack: 0x000000da05600000,0x000000da05700000] [id=22544]
  0x0000022509bbb920 ConcurrentGCThread "G1 Service" [stack: 0x000000da05700000,0x000000da05800000] [id=10832]

Threads with active compile tasks:
C2 CompilerThread0   135427 2115       4       org.fusesource.jansi.Ansi::flushAttributes (94 bytes)

VM state: not at safepoint (normal execution)

VM Mutex/Monitor currently owned by a thread: None

Heap address: 0x00000000fc000000, size: 64 MB, Compressed Oops mode: 32-bit

CDS archive(s) mapped at: [0x0000022524000000-0x0000022524bb0000-0x0000022524bb0000), size 12255232, SharedBaseAddress: 0x0000022524000000, ArchiveRelocationMode: 1.
Compressed class space mapped at: 0x0000022525000000-0x0000022565000000, reserved size: 1073741824
Narrow klass base: 0x0000022524000000, Narrow klass shift: 0, Narrow klass range: 0x100000000

GC Precious Log:
 CPUs: 16 total, 16 available
 Memory: 15654M
 Large Page Support: Disabled
 NUMA Support: Disabled
 Compressed Oops: Enabled (32-bit)
 Heap Region Size: 1M
 Heap Min Capacity: 64M
 Heap Initial Capacity: 64M
 Heap Max Capacity: 64M
 Pre-touch: Disabled
 Parallel Workers: 13
 Concurrent Workers: 3
 Concurrent Refinement Workers: 13
 Periodic GC: Disabled

Heap:
 garbage-first heap   total 65536K, used 20560K [0x00000000fc000000, 0x0000000100000000)
  region size 1024K, 14 young (14336K), 4 survivors (4096K)
 Metaspace       used 9543K, committed 9728K, reserved 1114112K
  class space    used 1249K, committed 1344K, reserved 1048576K

Heap Regions: E=young(eden), S=young(survivor), O=old, HS=humongous(starts), HC=humongous(continues), CS=collection set, F=free, OA=open archive, CA=closed archive, TAMS=top-at-mark-start (previous, next)
|   0|0x00000000fc000000, 0x00000000fc100000, 0x00000000fc100000|100%|HS|  |TAMS 0x00000000fc000000, 0x00000000fc000000| Complete 
|   1|0x00000000fc100000, 0x00000000fc200000, 0x00000000fc200000|100%|HC|  |TAMS 0x00000000fc100000, 0x00000000fc100000| Complete 
|   2|0x00000000fc200000, 0x00000000fc300000, 0x00000000fc300000|100%|HC|  |TAMS 0x00000000fc200000, 0x00000000fc200000| Complete 
|   3|0x00000000fc300000, 0x00000000fc400000, 0x00000000fc400000|100%| O|  |TAMS 0x00000000fc300000, 0x00000000fc300000| Untracked 
|   4|0x00000000fc400000, 0x00000000fc500000, 0x00000000fc500000|100%| O|  |TAMS 0x00000000fc400000, 0x00000000fc400000| Untracked 
|   5|0x00000000fc500000, 0x00000000fc600000, 0x00000000fc600000|100%| O|  |TAMS 0x00000000fc500000, 0x00000000fc500000| Untracked 
|   6|0x00000000fc600000, 0x00000000fc700000, 0x00000000fc700000|100%| O|  |TAMS 0x00000000fc600000, 0x00000000fc600000| Untracked 
|   7|0x00000000fc700000, 0x00000000fc714200, 0x00000000fc800000|  7%| O|  |TAMS 0x00000000fc700000, 0x00000000fc700000| Untracked 
|   8|0x00000000fc800000, 0x00000000fc800000, 0x00000000fc900000|  0%| F|  |TAMS 0x00000000fc800000, 0x00000000fc800000| Untracked 
|   9|0x00000000fc900000, 0x00000000fc900000, 0x00000000fca00000|  0%| F|  |TAMS 0x00000000fc900000, 0x00000000fc900000| Untracked 
|  10|0x00000000fca00000, 0x00000000fca00000, 0x00000000fcb00000|  0%| F|  |TAMS 0x00000000fca00000, 0x00000000fca00000| Untracked 
|  11|0x00000000fcb00000, 0x00000000fcb00000, 0x00000000fcc00000|  0%| F|  |TAMS 0x00000000fcb00000, 0x00000000fcb00000| Untracked 
|  12|0x00000000fcc00000, 0x00000000fcc00000, 0x00000000fcd00000|  0%| F|  |TAMS 0x00000000fcc00000, 0x00000000fcc00000| Untracked 
|  13|0x00000000fcd00000, 0x00000000fcd00000, 0x00000000fce00000|  0%| F|  |TAMS 0x00000000fcd00000, 0x00000000fcd00000| Untracked 
|  14|0x00000000fce00000, 0x00000000fce00000, 0x00000000fcf00000|  0%| F|  |TAMS 0x00000000fce00000, 0x00000000fce00000| Untracked 
|  15|0x00000000fcf00000, 0x00000000fcf00000, 0x00000000fd000000|  0%| F|  |TAMS 0x00000000fcf00000, 0x00000000fcf00000| Untracked 
|  16|0x00000000fd000000, 0x00000000fd000000, 0x00000000fd100000|  0%| F|  |TAMS 0x00000000fd000000, 0x00000000fd000000| Untracked 
|  17|0x00000000fd100000, 0x00000000fd100000, 0x00000000fd200000|  0%| F|  |TAMS 0x00000000fd100000, 0x00000000fd100000| Untracked 
|  18|0x00000000fd200000, 0x00000000fd200000, 0x00000000fd300000|  0%| F|  |TAMS 0x00000000fd200000, 0x00000000fd200000| Untracked 
|  19|0x00000000fd300000, 0x00000000fd300000, 0x00000000fd400000|  0%| F|  |TAMS 0x00000000fd300000, 0x00000000fd300000| Untracked 
|  20|0x00000000fd400000, 0x00000000fd400000, 0x00000000fd500000|  0%| F|  |TAMS 0x00000000fd400000, 0x00000000fd400000| Untracked 
|  21|0x00000000fd500000, 0x00000000fd500000, 0x00000000fd600000|  0%| F|  |TAMS 0x00000000fd500000, 0x00000000fd500000| Untracked 
|  22|0x00000000fd600000, 0x00000000fd600000, 0x00000000fd700000|  0%| F|  |TAMS 0x00000000fd600000, 0x00000000fd600000| Untracked 
|  23|0x00000000fd700000, 0x00000000fd700000, 0x00000000fd800000|  0%| F|  |TAMS 0x00000000fd700000, 0x00000000fd700000| Untracked 
|  24|0x00000000fd800000, 0x00000000fd800000, 0x00000000fd900000|  0%| F|  |TAMS 0x00000000fd800000, 0x00000000fd800000| Untracked 
|  25|0x00000000fd900000, 0x00000000fd900000, 0x00000000fda00000|  0%| F|  |TAMS 0x00000000fd900000, 0x00000000fd900000| Untracked 
|  26|0x00000000fda00000, 0x00000000fda00000, 0x00000000fdb00000|  0%| F|  |TAMS 0x00000000fda00000, 0x00000000fda00000| Untracked 
|  27|0x00000000fdb00000, 0x00000000fdb00000, 0x00000000fdc00000|  0%| F|  |TAMS 0x00000000fdb00000, 0x00000000fdb00000| Untracked 
|  28|0x00000000fdc00000, 0x00000000fdd00000, 0x00000000fdd00000|100%| S|CS|TAMS 0x00000000fdc00000, 0x00000000fdc00000| Complete 
|  29|0x00000000fdd00000, 0x00000000fde00000, 0x00000000fde00000|100%| S|CS|TAMS 0x00000000fdd00000, 0x00000000fdd00000| Complete 
|  30|0x00000000fde00000, 0x00000000fdf00000, 0x00000000fdf00000|100%| S|CS|TAMS 0x00000000fde00000, 0x00000000fde00000| Complete 
|  31|0x00000000fdf00000, 0x00000000fe000000, 0x00000000fe000000|100%| S|CS|TAMS 0x00000000fdf00000, 0x00000000fdf00000| Complete 
|  32|0x00000000fe000000, 0x00000000fe000000, 0x00000000fe100000|  0%| F|  |TAMS 0x00000000fe000000, 0x00000000fe000000| Untracked 
|  33|0x00000000fe100000, 0x00000000fe100000, 0x00000000fe200000|  0%| F|  |TAMS 0x00000000fe100000, 0x00000000fe100000| Untracked 
|  34|0x00000000fe200000, 0x00000000fe200000, 0x00000000fe300000|  0%| F|  |TAMS 0x00000000fe200000, 0x00000000fe200000| Untracked 
|  35|0x00000000fe300000, 0x00000000fe300000, 0x00000000fe400000|  0%| F|  |TAMS 0x00000000fe300000, 0x00000000fe300000| Untracked 
|  36|0x00000000fe400000, 0x00000000fe400000, 0x00000000fe500000|  0%| F|  |TAMS 0x00000000fe400000, 0x00000000fe400000| Untracked 
|  37|0x00000000fe500000, 0x00000000fe500000, 0x00000000fe600000|  0%| F|  |TAMS 0x00000000fe500000, 0x00000000fe500000| Untracked 
|  38|0x00000000fe600000, 0x00000000fe600000, 0x00000000fe700000|  0%| F|  |TAMS 0x00000000fe600000, 0x00000000fe600000| Untracked 
|  39|0x00000000fe700000, 0x00000000fe700000, 0x00000000fe800000|  0%| F|  |TAMS 0x00000000fe700000, 0x00000000fe700000| Untracked 
|  40|0x00000000fe800000, 0x00000000fe800000, 0x00000000fe900000|  0%| F|  |TAMS 0x00000000fe800000, 0x00000000fe800000| Untracked 
|  41|0x00000000fe900000, 0x00000000fe900000, 0x00000000fea00000|  0%| F|  |TAMS 0x00000000fe900000, 0x00000000fe900000| Untracked 
|  42|0x00000000fea00000, 0x00000000fea00000, 0x00000000feb00000|  0%| F|  |TAMS 0x00000000fea00000, 0x00000000fea00000| Untracked 
|  43|0x00000000feb00000, 0x00000000feb00000, 0x00000000fec00000|  0%| F|  |TAMS 0x00000000feb00000, 0x00000000feb00000| Untracked 
|  44|0x00000000fec00000, 0x00000000fec00000, 0x00000000fed00000|  0%| F|  |TAMS 0x00000000fec00000, 0x00000000fec00000| Untracked 
|  45|0x00000000fed00000, 0x00000000fed00000, 0x00000000fee00000|  0%| F|  |TAMS 0x00000000fed00000, 0x00000000fed00000| Untracked 
|  46|0x00000000fee00000, 0x00000000fee00000, 0x00000000fef00000|  0%| F|  |TAMS 0x00000000fee00000, 0x00000000fee00000| Untracked 
|  47|0x00000000fef00000, 0x00000000fef00000, 0x00000000ff000000|  0%| F|  |TAMS 0x00000000fef00000, 0x00000000fef00000| Untracked 
|  48|0x00000000ff000000, 0x00000000ff000000, 0x00000000ff100000|  0%| F|  |TAMS 0x00000000ff000000, 0x00000000ff000000| Untracked 
|  49|0x00000000ff100000, 0x00000000ff100000, 0x00000000ff200000|  0%| F|  |TAMS 0x00000000ff100000, 0x00000000ff100000| Untracked 
|  50|0x00000000ff200000, 0x00000000ff200000, 0x00000000ff300000|  0%| F|  |TAMS 0x00000000ff200000, 0x00000000ff200000| Untracked 
|  51|0x00000000ff300000, 0x00000000ff300000, 0x00000000ff400000|  0%| F|  |TAMS 0x00000000ff300000, 0x00000000ff300000| Untracked 
|  52|0x00000000ff400000, 0x00000000ff400000, 0x00000000ff500000|  0%| F|  |TAMS 0x00000000ff400000, 0x00000000ff400000| Untracked 
|  53|0x00000000ff500000, 0x00000000ff500000, 0x00000000ff600000|  0%| F|  |TAMS 0x00000000ff500000, 0x00000000ff500000| Untracked 
|  54|0x00000000ff600000, 0x00000000ff6d8f10, 0x00000000ff700000| 84%| E|  |TAMS 0x00000000ff600000, 0x00000000ff600000| Complete 
|  55|0x00000000ff700000, 0x00000000ff800000, 0x00000000ff800000|100%| E|CS|TAMS 0x00000000ff700000, 0x00000000ff700000| Complete 
|  56|0x00000000ff800000, 0x00000000ff900000, 0x00000000ff900000|100%| E|CS|TAMS 0x00000000ff800000, 0x00000000ff800000| Complete 
|  57|0x00000000ff900000, 0x00000000ffa00000, 0x00000000ffa00000|100%| E|CS|TAMS 0x00000000ff900000, 0x00000000ff900000| Complete 
|  58|0x00000000ffa00000, 0x00000000ffb00000, 0x00000000ffb00000|100%| E|CS|TAMS 0x00000000ffa00000, 0x00000000ffa00000| Complete 
|  59|0x00000000ffb00000, 0x00000000ffc00000, 0x00000000ffc00000|100%| E|CS|TAMS 0x00000000ffb00000, 0x00000000ffb00000| Complete 
|  60|0x00000000ffc00000, 0x00000000ffd00000, 0x00000000ffd00000|100%| E|CS|TAMS 0x00000000ffc00000, 0x00000000ffc00000| Complete 
|  61|0x00000000ffd00000, 0x00000000ffe00000, 0x00000000ffe00000|100%| E|CS|TAMS 0x00000000ffd00000, 0x00000000ffd00000| Complete 
|  62|0x00000000ffe00000, 0x00000000fff00000, 0x00000000fff00000|100%| E|CS|TAMS 0x00000000ffe00000, 0x00000000ffe00000| Complete 
|  63|0x00000000fff00000, 0x0000000100000000, 0x0000000100000000|100%| E|CS|TAMS 0x00000000fff00000, 0x00000000fff00000| Complete 

Card table byte_map: [0x0000022509a20000,0x0000022509a40000] _byte_map_base: 0x0000022509240000

Marking Bits (Prev, Next): (CMBitMap*) 0x0000022509b3be40, (CMBitMap*) 0x0000022509b3be80
 Prev Bits: [0x0000022520ed0000, 0x0000022520fd0000)
 Next Bits: [0x0000022520fd0000, 0x00000225210d0000)

Polling page: 0x0000022507af0000

Metaspace:

Usage:
  Non-class:      8.10 MB used.
      Class:      1.22 MB used.
       Both:      9.32 MB used.

Virtual space:
  Non-class space:       64.00 MB reserved,       8.19 MB ( 13%) committed,  1 nodes.
      Class space:        1.00 GB reserved,       1.31 MB ( <1%) committed,  1 nodes.
             Both:        1.06 GB reserved,       9.50 MB ( <1%) committed. 

Chunk freelists:
   Non-Class:  7.69 MB
       Class:  14.64 MB
        Both:  22.33 MB

MaxMetaspaceSize: unlimited
CompressedClassSpaceSize: 1.00 GB
Initial GC threshold: 21.00 MB
Current GC threshold: 21.00 MB
CDS: on
MetaspaceReclaimPolicy: balanced
 - commit_granule_bytes: 65536.
 - commit_granule_words: 8192.
 - virtual_space_node_default_size: 8388608.
 - enlarge_chunks_in_place: 1.
 - new_chunks_are_fully_committed: 0.
 - uncommit_free_chunks: 1.
 - use_allocation_guard: 0.
 - handle_deallocations: 1.


Internal statistics:

num_allocs_failed_limit: 0.
num_arena_births: 78.
num_arena_deaths: 0.
num_vsnodes_births: 2.
num_vsnodes_deaths: 0.
num_space_committed: 152.
num_space_uncommitted: 0.
num_chunks_returned_to_freelist: 0.
num_chunks_taken_from_freelist: 336.
num_chunk_merges: 0.
num_chunk_splits: 226.
num_chunks_enlarged: 185.
num_inconsistent_stats: 0.

CodeHeap 'non-profiled nmethods': size=119168Kb used=869Kb max_used=869Kb free=118298Kb
 bounds [0x00000225191f0000, 0x0000022519460000, 0x0000022520650000]
CodeHeap 'profiled nmethods': size=119104Kb used=3990Kb max_used=3990Kb free=115113Kb
 bounds [0x0000022511650000, 0x0000022511a40000, 0x0000022518aa0000]
CodeHeap 'non-nmethods': size=7488Kb used=1182Kb max_used=2897Kb free=6305Kb
 bounds [0x0000022518aa0000, 0x0000022518d80000, 0x00000225191f0000]
 total_blobs=2579 nmethods=2114 adapters=377
 compilation: enabled
              stopped_count=0, restarted_count=0
 full_count=0

Compilation events (20 events):
Event: 128.991 Thread 0x000002256515b7c0 nmethod 2105 0x00000225192c8c90 code [0x00000225192c8e00, 0x00000225192c8e98]
Event: 130.587 Thread 0x000002256515b7c0 2106       4       java.util.LinkedHashMap$LinkedValueIterator::next (8 bytes)
Event: 130.596 Thread 0x000002256515b7c0 nmethod 2106 0x00000225192c8f90 code [0x00000225192c9100, 0x00000225192c9378]
Event: 133.996 Thread 0x0000022565169b30 2107       3       com.google.common.collect.Iterators$ArrayItr::<init> (13 bytes)
Event: 133.999 Thread 0x0000022565169b30 nmethod 2107 0x0000022511a31510 code [0x0000022511a316e0, 0x0000022511a31a88]
Event: 133.999 Thread 0x0000022565169b30 2108       3       com.google.common.collect.AbstractIndexedListIterator::<init> (21 bytes)
Event: 133.999 Thread 0x0000022565169b30 nmethod 2108 0x0000022511a31c90 code [0x0000022511a31e60, 0x0000022511a32148]
Event: 133.999 Thread 0x0000022565169b30 2109       3       com.google.common.collect.UnmodifiableListIterator::<init> (5 bytes)
Event: 134.000 Thread 0x0000022565169b30 nmethod 2109 0x0000022511a32290 code [0x0000022511a32440, 0x0000022511a325f8]
Event: 134.995 Thread 0x0000022565169b30 2110       3       com.google.common.collect.ImmutableList::iterator (5 bytes)
Event: 134.997 Thread 0x0000022565169b30 nmethod 2110 0x0000022511a32710 code [0x0000022511a328c0, 0x0000022511a32c48]
Event: 134.997 Thread 0x0000022565169b30 2111       3       com.google.common.collect.ImmutableList::iterator (5 bytes)
Event: 134.998 Thread 0x0000022565169b30 nmethod 2111 0x0000022511a32d90 code [0x0000022511a32fa0, 0x0000022511a33738]
Event: 134.998 Thread 0x0000022565169b30 2112       3       com.google.common.collect.ImmutableList::listIterator (6 bytes)
Event: 134.999 Thread 0x0000022565169b30 nmethod 2112 0x0000022511a33a90 code [0x0000022511a33ca0, 0x0000022511a34358]
Event: 134.999 Thread 0x0000022565169b30 2113       3       com.google.common.collect.RegularImmutableList::listIterator (9 bytes)
Event: 134.999 Thread 0x0000022565169b30 nmethod 2113 0x0000022511a34610 code [0x0000022511a34820, 0x0000022511a34e78]
Event: 134.999 Thread 0x0000022565169b30 2114       3       com.google.common.collect.Iterators::forArrayWithPosition (26 bytes)
Event: 135.000 Thread 0x0000022565169b30 nmethod 2114 0x0000022511a35110 code [0x0000022511a35320, 0x0000022511a35918]
Event: 135.297 Thread 0x000002256515b7c0 2115       4       org.fusesource.jansi.Ansi::flushAttributes (94 bytes)

GC Heap History (4 events):
Event: 0.273 GC heap before
{Heap before GC invocations=0 (full 0):
 garbage-first heap   total 65536K, used 23552K [0x00000000fc000000, 0x0000000100000000)
  region size 1024K, 23 young (23552K), 0 survivors (0K)
 Metaspace       used 1883K, committed 2048K, reserved 1114112K
  class space    used 175K, committed 256K, reserved 1048576K
}
Event: 0.275 GC heap after
{Heap after GC invocations=1 (full 0):
 garbage-first heap   total 65536K, used 2048K [0x00000000fc000000, 0x0000000100000000)
  region size 1024K, 2 young (2048K), 2 survivors (2048K)
 Metaspace       used 1883K, committed 2048K, reserved 1114112K
  class space    used 175K, committed 256K, reserved 1048576K
}
Event: 0.802 GC heap before
{Heap before GC invocations=1 (full 0):
 garbage-first heap   total 65536K, used 34816K [0x00000000fc000000, 0x0000000100000000)
  region size 1024K, 32 young (32768K), 2 survivors (2048K)
 Metaspace       used 7482K, committed 7680K, reserved 1114112K
  class space    used 1014K, committed 1152K, reserved 1048576K
}
Event: 0.805 GC heap after
{Heap after GC invocations=2 (full 0):
 garbage-first heap   total 65536K, used 11344K [0x00000000fc000000, 0x0000000100000000)
  region size 1024K, 4 young (4096K), 4 survivors (4096K)
 Metaspace       used 7482K, committed 7680K, reserved 1114112K
  class space    used 1014K, committed 1152K, reserved 1048576K
}

Dll operation events (13 events):
Event: 0.004 Loaded shared library C:\Program Files\Java\jdk17.0.13_11\bin\java.dll
Event: 0.011 Loaded shared library C:\Program Files\Java\jdk17.0.13_11\bin\jsvml.dll
Event: 0.027 Loaded shared library C:\Program Files\Java\jdk17.0.13_11\bin\net.dll
Event: 0.028 Loaded shared library C:\Program Files\Java\jdk17.0.13_11\bin\nio.dll
Event: 0.035 Loaded shared library C:\Program Files\Java\jdk17.0.13_11\bin\jimage.dll
Event: 0.045 Loaded shared library C:\Program Files\Java\jdk17.0.13_11\bin\zip.dll
Event: 0.050 Loaded shared library C:\Program Files\Java\jdk17.0.13_11\bin\verify.dll
Event: 0.506 Loaded shared library C:\Program Files\Java\jdk17.0.13_11\bin\management.dll
Event: 0.509 Loaded shared library C:\Program Files\Java\jdk17.0.13_11\bin\management_ext.dll
Event: 0.542 Loaded shared library C:\Users\tania\.gradle\native\1def1411415f61bf3af743bc5b6707747c0891f09f0c88961ee8f79bc544acac\windows-amd64\native-platform.dll
Event: 0.569 Loaded shared library C:\Users\tania\.gradle\native\jansi\1.18\windows64\jansi.dll
Event: 0.753 Loaded shared library C:\Program Files\Java\jdk17.0.13_11\bin\extnet.dll
Event: 0.897 Loaded shared library C:\Program Files\Java\jdk17.0.13_11\bin\sunmscapi.dll

Deoptimization events (20 events):
Event: 0.936 Thread 0x0000022509b18380 Uncommon trap: trap_request=0xffffffde fr.pc=0x000002251922c374 relative=0x0000000000000074
Event: 0.936 Thread 0x0000022509b18380 Uncommon trap: reason=class_check action=maybe_recompile pc=0x000002251922c374 method=java.util.AbstractList$Itr.hasNext()Z @ 8 c2
Event: 0.936 Thread 0x0000022509b18380 DEOPT PACKING pc=0x000002251922c374 sp=0x000000da052fceb0
Event: 0.936 Thread 0x0000022509b18380 DEOPT UNPACKING pc=0x0000022518afa1a3 sp=0x000000da052fce48 mode 2
Event: 0.997 Thread 0x000002256a43f240 Uncommon trap: trap_request=0xffffffde fr.pc=0x000002251922cbd4 relative=0x00000000000000b4
Event: 0.997 Thread 0x000002256a43f240 Uncommon trap: reason=class_check action=maybe_recompile pc=0x000002251922cbd4 method=java.util.AbstractList$Itr.next()Ljava/lang/Object; @ 14 c2
Event: 0.997 Thread 0x000002256a43f240 DEOPT PACKING pc=0x000002251922cbd4 sp=0x000000da070fec30
Event: 0.997 Thread 0x000002256a43f240 DEOPT UNPACKING pc=0x0000022518afa1a3 sp=0x000000da070febc8 mode 2
Event: 1.427 Thread 0x0000022509b18380 DEOPT PACKING pc=0x0000022511880b72 sp=0x000000da052fcb70
Event: 1.427 Thread 0x0000022509b18380 DEOPT UNPACKING pc=0x0000022518aface3 sp=0x000000da052fbfe0 mode 0
Event: 1.922 Thread 0x0000022509b18380 DEOPT PACKING pc=0x0000022511880b72 sp=0x000000da052fc950
Event: 1.922 Thread 0x0000022509b18380 DEOPT UNPACKING pc=0x0000022518aface3 sp=0x000000da052fbdc0 mode 0
Event: 2.322 Thread 0x0000022509b18380 DEOPT PACKING pc=0x0000022511880b72 sp=0x000000da052fc910
Event: 2.322 Thread 0x0000022509b18380 DEOPT UNPACKING pc=0x0000022518aface3 sp=0x000000da052fbd80 mode 0
Event: 5.256 Thread 0x0000022509b18380 DEOPT PACKING pc=0x0000022511880b72 sp=0x000000da052fc7c0
Event: 5.257 Thread 0x0000022509b18380 DEOPT UNPACKING pc=0x0000022518aface3 sp=0x000000da052fbc30 mode 0
Event: 10.303 Thread 0x0000022509b18380 DEOPT PACKING pc=0x0000022511938a35 sp=0x000000da052fc8e0
Event: 10.303 Thread 0x0000022509b18380 DEOPT UNPACKING pc=0x0000022518aface3 sp=0x000000da052fbd78 mode 0
Event: 10.388 Thread 0x000002256a43f240 DEOPT PACKING pc=0x0000022511983be4 sp=0x000000da070fea60
Event: 10.388 Thread 0x000002256a43f240 DEOPT UNPACKING pc=0x0000022518aface3 sp=0x000000da070fdf30 mode 0

Classes loaded (20 events):
Event: 0.923 Loading class sun/nio/ch/SinkChannelImpl
Event: 0.923 Loading class java/nio/channels/Pipe$SinkChannel
Event: 0.923 Loading class java/nio/channels/Pipe$SinkChannel done
Event: 0.923 Loading class sun/nio/ch/SinkChannelImpl done
Event: 0.923 Loading class sun/nio/ch/SelectionKeyImpl
Event: 0.923 Loading class java/nio/channels/spi/AbstractSelectionKey
Event: 0.923 Loading class java/nio/channels/SelectionKey
Event: 0.923 Loading class java/nio/channels/SelectionKey done
Event: 0.923 Loading class java/nio/channels/spi/AbstractSelectionKey done
Event: 0.923 Loading class sun/nio/ch/SelectionKeyImpl done
Event: 0.924 Loading class java/lang/invoke/ConstantBootstraps
Event: 0.924 Loading class java/lang/invoke/ConstantBootstraps done
Event: 0.936 Loading class java/nio/channels/spi/AbstractSelector$1
Event: 0.936 Loading class java/nio/channels/spi/AbstractSelector$1 done
Event: 0.945 Loading class java/util/concurrent/Executors$FinalizableDelegatedExecutorService
Event: 0.945 Loading class java/util/concurrent/Executors$FinalizableDelegatedExecutorService done
Event: 0.996 Loading class java/util/AbstractList$ListItr
Event: 0.996 Loading class java/util/AbstractList$ListItr done
Event: 1.394 Loading class java/util/ArrayList$ListItr
Event: 1.394 Loading class java/util/ArrayList$ListItr done

Classes unloaded (0 events):
No events

Classes redefined (0 events):
No events

Internal exceptions (20 events):
Event: 0.505 Thread 0x0000022509b18380 Exception <a 'java/lang/NoSuchMethodError'{0x00000000ff0ffb08}: 'java.lang.Object java.lang.invoke.DirectMethodHandle$Holder.invokeStaticInit(java.lang.Object)'> (0x00000000ff0ffb08) 
thrown [s\src\hotspot\share\interpreter\linkResolver.cpp, line 759]
Event: 0.514 Thread 0x0000022509b18380 Exception <a 'java/lang/NoSuchMethodError'{0x00000000fef1b4d8}: 'int java.lang.invoke.DirectMethodHandle$Holder.invokeSpecial(java.lang.Object, java.lang.Object, java.lang.Object)'> (0x00000000fef1b4d8) 
thrown [s\src\hotspot\share\interpreter\linkResolver.cpp, line 759]
Event: 0.519 Thread 0x0000022509b18380 Exception <a 'java/lang/NoSuchMethodError'{0x00000000fef58150}: 'void java.lang.invoke.DirectMethodHandle$Holder.invokeStatic(java.lang.Object, java.lang.Object)'> (0x00000000fef58150) 
thrown [s\src\hotspot\share\interpreter\linkResolver.cpp, line 759]
Event: 0.520 Thread 0x0000022509b18380 Implicit null exception at 0x000002251925ba8f to 0x000002251925bfd0
Event: 0.520 Thread 0x0000022509b18380 Implicit null exception at 0x000002251923ef8f to 0x000002251923f4dc
Event: 0.520 Thread 0x0000022509b18380 Implicit null exception at 0x000002251922660f to 0x0000022519226689
Event: 0.531 Thread 0x0000022509b18380 Exception <a 'java/lang/NoClassDefFoundError'{0x00000000fefcc420}: org/slf4j/impl/StaticMarkerBinder> (0x00000000fefcc420) 
thrown [s\src\hotspot\share\classfile\systemDictionary.cpp, line 245]
Event: 0.548 Thread 0x0000022509b18380 Exception <a 'java/lang/NoSuchMethodError'{0x00000000feeef848}: 'java.lang.Object java.lang.invoke.Invokers$Holder.invoker(java.lang.Object, java.lang.Object, java.lang.Object)'> (0x00000000feeef848) 
thrown [s\src\hotspot\share\interpreter\linkResolver.cpp, line 759]
Event: 0.549 Thread 0x0000022509b18380 Exception <a 'java/lang/NoSuchMethodError'{0x00000000feef89a0}: 'java.lang.Object java.lang.invoke.DirectMethodHandle$Holder.invokeStatic(java.lang.Object, java.lang.Object, int)'> (0x00000000feef89a0) 
thrown [s\src\hotspot\share\interpreter\linkResolver.cpp, line 759]
Event: 0.549 Thread 0x0000022509b18380 Exception <a 'java/lang/NoSuchMethodError'{0x00000000fed048e8}: 'void java.lang.invoke.DelegatingMethodHandle$Holder.delegate(java.lang.Object, java.lang.Object, int, java.lang.Object)'> (0x00000000fed048e8) 
thrown [s\src\hotspot\share\interpreter\linkResolver.cpp, line 759]
Event: 0.551 Thread 0x0000022509b18380 Exception <a 'java/lang/NoSuchMethodError'{0x00000000fed17f30}: 'java.lang.Object java.lang.invoke.Invokers$Holder.invokeExact_MT(java.lang.Object, java.lang.Object, java.lang.Object, java.lang.Object)'> (0x00000000fed17f30) 
thrown [s\src\hotspot\share\interpreter\linkResolver.cpp, line 759]
Event: 0.555 Thread 0x0000022509b18380 Exception <a 'java/lang/NoSuchMethodError'{0x00000000fed42f88}: 'java.lang.Object java.lang.invoke.DirectMethodHandle$Holder.invokeVirtual(java.lang.Object, java.lang.Object, java.lang.Object)'> (0x00000000fed42f88) 
thrown [s\src\hotspot\share\interpreter\linkResolver.cpp, line 759]
Event: 0.617 Thread 0x0000022509b18380 Exception <a 'java/lang/NoSuchMethodError'{0x00000000fe91e9d0}: 'java.lang.Object java.lang.invoke.DirectMethodHandle$Holder.newInvokeSpecial(java.lang.Object, java.lang.Object, java.lang.Object, java.lang.Object, java.lang.Object)'> (0x00000000fe91e9d0) 
thrown [s\src\hotspot\share\interpreter\linkResolver.cpp, line 759]
Event: 0.635 Thread 0x0000022509b18380 Exception <a 'java/lang/NoSuchMethodError'{0x00000000fe64c380}: 'void java.lang.invoke.DirectMethodHandle$Holder.invokeSpecial(java.lang.Object, java.lang.Object, java.lang.Object)'> (0x00000000fe64c380) 
thrown [s\src\hotspot\share\interpreter\linkResolver.cpp, line 759]
Event: 0.754 Thread 0x0000022509b18380 Exception <a 'java/lang/NoSuchMethodError'{0x00000000fe45bb80}: 'void java.lang.invoke.DirectMethodHandle$Holder.invokeStatic(java.lang.Object, java.lang.Object, java.lang.Object)'> (0x00000000fe45bb80) 
thrown [s\src\hotspot\share\interpreter\linkResolver.cpp, line 759]
Event: 0.787 Thread 0x0000022509b18380 Exception <a 'java/lang/NoSuchMethodError'{0x00000000fe19c2e8}: 'java.lang.Object java.lang.invoke.DirectMethodHandle$Holder.newInvokeSpecial(java.lang.Object, java.lang.Object, java.lang.Object, java.lang.Object, java.lang.Object, java.lang.Object, java.lang.Object, java.lang.Object, java.lang.Object, java.lang.Object, java.lang.Object, java.lang.Object, java.lang.Object, java.lang.Object, java.lang.Object, java.lang.Object, java.lang.Object, java.lang.Object, java.lang.Object, java.lang.Object, java.lang
Event: 0.788 Thread 0x0000022509b18380 Exception <a 'java/lang/NoSuchMethodError'{0x00000000fe1a88f0}: 'java.lang.Object java.lang.invoke.Invokers$Holder.linkToTargetMethod(java.lang.Object, java.lang.Object, java.lang.Object, java.lang.Object, java.lang.Object, java.lang.Object, java.lang.Object, java.lang.Object, java.lang.Object, java.lang.Object, java.lang.Object, java.lang.Object, java.lang.Object, java.lang.Object, java.lang.Object, java.lang.Object, java.lang.Object, java.lang.Object, java.lang.Object, java.lang.Object, java.lang.Object,
Event: 0.818 Thread 0x0000022509b18380 Exception <a 'java/lang/NoSuchMethodError'{0x00000000ffe0a258}: 'java.lang.Object java.lang.invoke.DirectMethodHandle$Holder.invokeStaticInit(java.lang.Object, int, int, int, int)'> (0x00000000ffe0a258) 
thrown [s\src\hotspot\share\interpreter\linkResolver.cpp, line 759]
Event: 0.869 Thread 0x0000022509b18380 Exception <a 'java/lang/NoSuchMethodError'{0x00000000ffd33c20}: 'java.lang.Object java.lang.invoke.DirectMethodHandle$Holder.invokeStaticInit(java.lang.Object, java.lang.Object, int, int, int, int)'> (0x00000000ffd33c20) 
thrown [s\src\hotspot\share\interpreter\linkResolver.cpp, line 759]
Event: 0.880 Thread 0x0000022509b18380 Implicit null exception at 0x000002251923d372 to 0x000002251923db00

VM Operations (20 events):
Event: 39.637 Executing VM operation: Cleanup
Event: 39.637 Executing VM operation: Cleanup done
Event: 41.649 Executing VM operation: Cleanup
Event: 41.649 Executing VM operation: Cleanup done
Event: 60.249 Executing VM operation: HandshakeAllThreads
Event: 60.249 Executing VM operation: HandshakeAllThreads done
Event: 75.372 Executing VM operation: Cleanup
Event: 75.372 Executing VM operation: Cleanup done
Event: 77.397 Executing VM operation: Cleanup
Event: 77.397 Executing VM operation: Cleanup done
Event: 109.738 Executing VM operation: Cleanup
Event: 109.739 Executing VM operation: Cleanup done
Event: 111.746 Executing VM operation: Cleanup
Event: 111.746 Executing VM operation: Cleanup done
Event: 120.363 Executing VM operation: HandshakeAllThreads
Event: 120.363 Executing VM operation: HandshakeAllThreads done
Event: 126.418 Executing VM operation: Cleanup
Event: 126.418 Executing VM operation: Cleanup done
Event: 131.459 Executing VM operation: Cleanup
Event: 131.460 Executing VM operation: Cleanup done

Memory protections (0 events):
No events

Nmethod flushes (0 events):
No events

Events (20 events):
Event: 0.024 Thread 0x0000022509b18380 Thread added: 0x00000225652c4f50
Event: 0.025 Thread 0x0000022509b18380 Thread added: 0x00000225652cab00
Event: 0.263 Thread 0x0000022565169b30 Thread added: 0x00000225653730f0
Event: 0.271 Thread 0x0000022565286f00 Thread added: 0x00000225655be6c0
Event: 0.278 Thread 0x000002256528c440 Thread added: 0x00000225655bb840
Event: 0.278 Thread 0x000002256528c440 Thread added: 0x00000225656cf6b0
Event: 0.581 Thread 0x0000022509b18380 Thread added: 0x000002256a43f240
Event: 0.886 Thread 0x00000225656cf6b0 Thread exited: 0x00000225656cf6b0
Event: 1.282 Thread 0x00000225655bb840 Thread exited: 0x00000225655bb840
Event: 1.282 Thread 0x00000225655be6c0 Thread exited: 0x00000225655be6c0
Event: 1.377 Thread 0x00000225653730f0 Thread exited: 0x00000225653730f0
Event: 5.257 Thread 0x0000022565296a30 Thread exited: 0x0000022565296a30
Event: 6.790 Thread 0x000002256528c440 Thread exited: 0x000002256528c440
Event: 6.790 Thread 0x0000022565286f00 Thread exited: 0x0000022565286f00
Event: 10.094 Thread 0x0000022565169b30 Thread added: 0x00000225656cfc00
Event: 11.095 Thread 0x00000225656cfc00 Thread exited: 0x00000225656cfc00
Event: 38.894 Thread 0x0000022565169b30 Thread added: 0x00000225656ce6c0
Event: 38.986 Thread 0x00000225656ce6c0 Thread added: 0x00000225656cec10
Event: 44.184 Thread 0x00000225656ce6c0 Thread exited: 0x00000225656ce6c0
Event: 44.184 Thread 0x00000225656cec10 Thread exited: 0x00000225656cec10


Dynamic libraries:
0x00007ff6bded0000 - 0x00007ff6bdede000 	C:\Program Files\Java\jdk17.0.13_11\bin\java.exe
0x00007ffc9af40000 - 0x00007ffc9b1a7000 	C:\WINDOWS\SYSTEM32\ntdll.dll
0x00007ffc99350000 - 0x00007ffc99419000 	C:\WINDOWS\System32\KERNEL32.DLL
0x00007ffc98260000 - 0x00007ffc98650000 	C:\WINDOWS\System32\KERNELBASE.dll
0x00007ffc987d0000 - 0x00007ffc9891b000 	C:\WINDOWS\System32\ucrtbase.dll
0x00007ffc80360000 - 0x00007ffc80377000 	C:\Program Files\Java\jdk17.0.13_11\bin\jli.dll
0x00007ffc87c10000 - 0x00007ffc87c2b000 	C:\Program Files\Java\jdk17.0.13_11\bin\VCRUNTIME140.dll
0x00007ffc99050000 - 0x00007ffc99215000 	C:\WINDOWS\System32\USER32.dll
0x00007ffc98660000 - 0x00007ffc98687000 	C:\WINDOWS\System32\win32u.dll
0x00007ffc99460000 - 0x00007ffc9948b000 	C:\WINDOWS\System32\GDI32.dll
0x00007ffc7ae60000 - 0x00007ffc7b0fa000 	C:\WINDOWS\WinSxS\amd64_microsoft.windows.common-controls_6595b64144ccf1df_6.0.26100.4768_none_3e0c112ce331287c\COMCTL32.dll
0x00007ffc98690000 - 0x00007ffc987c8000 	C:\WINDOWS\System32\gdi32full.dll
0x00007ffc9ae50000 - 0x00007ffc9aef9000 	C:\WINDOWS\System32\msvcrt.dll
0x00007ffc98c20000 - 0x00007ffc98cc3000 	C:\WINDOWS\System32\msvcp_win.dll
0x00007ffc99420000 - 0x00007ffc9944f000 	C:\WINDOWS\System32\IMM32.DLL
0x00007ffc908c0000 - 0x00007ffc908cc000 	C:\Program Files\Java\jdk17.0.13_11\bin\vcruntime140_1.dll
0x00007ffc5beb0000 - 0x00007ffc5bf3d000 	C:\Program Files\Java\jdk17.0.13_11\bin\msvcp140.dll
0x00007ffbd6970000 - 0x00007ffbd75dc000 	C:\Program Files\Java\jdk17.0.13_11\bin\server\jvm.dll
0x00007ffc99710000 - 0x00007ffc997c4000 	C:\WINDOWS\System32\ADVAPI32.dll
0x00007ffc9a770000 - 0x00007ffc9a816000 	C:\WINDOWS\System32\sechost.dll
0x00007ffc9abb0000 - 0x00007ffc9acc8000 	C:\WINDOWS\System32\RPCRT4.dll
0x00007ffc99ea0000 - 0x00007ffc99f14000 	C:\WINDOWS\System32\WS2_32.dll
0x00007ffc8a7a0000 - 0x00007ffc8a7d5000 	C:\WINDOWS\SYSTEM32\WINMM.dll
0x00007ffc90300000 - 0x00007ffc9030b000 	C:\WINDOWS\SYSTEM32\VERSION.dll
0x00007ffc96c50000 - 0x00007ffc96cae000 	C:\WINDOWS\SYSTEM32\POWRPROF.dll
0x00007ffc96c30000 - 0x00007ffc96c44000 	C:\WINDOWS\SYSTEM32\UMPDC.dll
0x00007ffc96f10000 - 0x00007ffc96f2b000 	C:\WINDOWS\SYSTEM32\kernel.appcore.dll
0x00007ffc80350000 - 0x00007ffc8035a000 	C:\Program Files\Java\jdk17.0.13_11\bin\jimage.dll
0x00007ffc8ec70000 - 0x00007ffc8eeb1000 	C:\WINDOWS\SYSTEM32\DBGHELP.DLL
0x00007ffc9a820000 - 0x00007ffc9aba5000 	C:\WINDOWS\System32\combase.dll
0x00007ffc99230000 - 0x00007ffc99310000 	C:\WINDOWS\System32\OLEAUT32.dll
0x00007ffc7b140000 - 0x00007ffc7b183000 	C:\WINDOWS\SYSTEM32\dbgcore.DLL
0x00007ffc98070000 - 0x00007ffc98109000 	C:\WINDOWS\System32\bcryptPrimitives.dll
0x00007ffc67780000 - 0x00007ffc677a5000 	C:\Program Files\Java\jdk17.0.13_11\bin\java.dll
0x00007ffc4f5c0000 - 0x00007ffc4f697000 	C:\Program Files\Java\jdk17.0.13_11\bin\jsvml.dll
0x00007ffc99f20000 - 0x00007ffc9a66d000 	C:\WINDOWS\System32\SHELL32.dll
0x00007ffc98aa0000 - 0x00007ffc98c13000 	C:\WINDOWS\System32\wintypes.dll
0x00007ffc95c40000 - 0x00007ffc964a0000 	C:\WINDOWS\SYSTEM32\windows.storage.dll
0x00007ffc98f50000 - 0x00007ffc99045000 	C:\WINDOWS\System32\SHCORE.dll
0x00007ffc9acd0000 - 0x00007ffc9ad3a000 	C:\WINDOWS\System32\shlwapi.dll
0x00007ffc97f90000 - 0x00007ffc97fb9000 	C:\WINDOWS\SYSTEM32\profapi.dll
0x00007ffc80330000 - 0x00007ffc80349000 	C:\Program Files\Java\jdk17.0.13_11\bin\net.dll
0x00007ffc91ba0000 - 0x00007ffc91cbe000 	C:\WINDOWS\SYSTEM32\WINHTTP.dll
0x00007ffc974a0000 - 0x00007ffc9750b000 	C:\WINDOWS\system32\mswsock.dll
0x00007ffc68210000 - 0x00007ffc68226000 	C:\Program Files\Java\jdk17.0.13_11\bin\nio.dll
0x00007ffc67760000 - 0x00007ffc67778000 	C:\Program Files\Java\jdk17.0.13_11\bin\zip.dll
0x00007ffc80230000 - 0x00007ffc80240000 	C:\Program Files\Java\jdk17.0.13_11\bin\verify.dll
0x00007ffc74ee0000 - 0x00007ffc74ee9000 	C:\Program Files\Java\jdk17.0.13_11\bin\management.dll
0x00007ffc74d60000 - 0x00007ffc74d6b000 	C:\Program Files\Java\jdk17.0.13_11\bin\management_ext.dll
0x00007ffc98d30000 - 0x00007ffc98d38000 	C:\WINDOWS\System32\PSAPI.DLL
0x00007ffc63be0000 - 0x00007ffc63c07000 	C:\Users\tania\.gradle\native\1def1411415f61bf3af743bc5b6707747c0891f09f0c88961ee8f79bc544acac\windows-amd64\native-platform.dll
0x00007ffc92690000 - 0x00007ffc9269a000 	C:\Users\tania\.gradle\native\jansi\1.18\windows64\jansi.dll
0x00007ffc96850000 - 0x00007ffc96883000 	C:\WINDOWS\SYSTEM32\IPHLPAPI.DLL
0x00007ffc9ad40000 - 0x00007ffc9ad4a000 	C:\WINDOWS\System32\NSI.dll
0x00007ffc929b0000 - 0x00007ffc929cf000 	C:\WINDOWS\SYSTEM32\dhcpcsvc6.DLL
0x00007ffc926a0000 - 0x00007ffc926c5000 	C:\WINDOWS\SYSTEM32\dhcpcsvc.DLL
0x00007ffc96890000 - 0x00007ffc969b6000 	C:\WINDOWS\SYSTEM32\DNSAPI.dll
0x00007ffc67750000 - 0x00007ffc67759000 	C:\Program Files\Java\jdk17.0.13_11\bin\extnet.dll
0x00007ffc97770000 - 0x00007ffc9778b000 	C:\WINDOWS\SYSTEM32\CRYPTSP.dll
0x00007ffc96e70000 - 0x00007ffc96eab000 	C:\WINDOWS\system32\rsaenh.dll
0x00007ffc97540000 - 0x00007ffc9756b000 	C:\WINDOWS\SYSTEM32\USERENV.dll
0x00007ffc97f60000 - 0x00007ffc97f86000 	C:\WINDOWS\SYSTEM32\bcrypt.dll
0x00007ffc97760000 - 0x00007ffc9776c000 	C:\WINDOWS\SYSTEM32\CRYPTBASE.dll
0x00007ffc66ca0000 - 0x00007ffc66cae000 	C:\Program Files\Java\jdk17.0.13_11\bin\sunmscapi.dll
0x00007ffc98920000 - 0x00007ffc98a97000 	C:\WINDOWS\System32\CRYPT32.dll
0x00007ffc97980000 - 0x00007ffc979b0000 	C:\WINDOWS\SYSTEM32\ncrypt.dll
0x00007ffc97930000 - 0x00007ffc9796f000 	C:\WINDOWS\SYSTEM32\NTASN1.dll
0x00007ffbf58b0000 - 0x00007ffbf58b8000 	C:\WINDOWS\system32\wshunix.dll

dbghelp: loaded successfully - version: 4.0.5 - missing functions: none
symbol engine: initialized successfully - sym options: 0x614 - pdb path: .;C:\Program Files\Java\jdk17.0.13_11\bin;C:\WINDOWS\SYSTEM32;C:\WINDOWS\WinSxS\amd64_microsoft.windows.common-controls_6595b64144ccf1df_6.0.26100.4768_none_3e0c112ce331287c;C:\Program Files\Java\jdk17.0.13_11\bin\server;C:\Users\tania\.gradle\native\1def1411415f61bf3af743bc5b6707747c0891f09f0c88961ee8f79bc544acac\windows-amd64;C:\Users\tania\.gradle\native\jansi\1.18\windows64

VM Arguments:
jvm_args: -Xmx64m -Xms64m -Dorg.gradle.appname=gradlew 
java_command: C:/Users/tania/Documents/USB_19-12-24/Tutorials-ÛÁÏÂÈ˛ÛÂÈÚ/_”≈Ã…Õ¡—…¡/œ–¡_Coding Factory/final project-tourist guides app/touristguidesapp/gradle/wrapper/gradle-wrapper.jar bootRun
java_class_path (initial): C:/Users/tania/Documents/USB_19-12-24/Tutorials-ÛÁÏÂÈ˛ÛÂÈÚ/_”≈Ã…Õ¡—…¡/œ–¡_Coding Factory/final project-tourist guides app/touristguidesapp/gradle/wrapper/gradle-wrapper.jar
Launcher Type: SUN_STANDARD

[Global flags]
     intx CICompilerCount                          = 12                                        {product} {ergonomic}
     uint ConcGCThreads                            = 3                                         {product} {ergonomic}
     uint G1ConcRefinementThreads                  = 13                                        {product} {ergonomic}
   size_t G1HeapRegionSize                         = 1048576                                   {product} {ergonomic}
    uintx GCDrainStackTargetSize                   = 64                                        {product} {ergonomic}
   size_t InitialHeapSize                          = 67108864                                  {product} {command line}
   size_t MarkStackSize                            = 4194304                                   {product} {ergonomic}
   size_t MaxHeapSize                              = 67108864                                  {product} {command line}
   size_t MaxNewSize                               = 39845888                                  {product} {ergonomic}
   size_t MinHeapDeltaBytes                        = 1048576                                   {product} {ergonomic}
   size_t MinHeapSize                              = 67108864                                  {product} {command line}
    uintx NonNMethodCodeHeapSize                   = 7602480                                {pd product} {ergonomic}
    uintx NonProfiledCodeHeapSize                  = 122027880                              {pd product} {ergonomic}
    uintx ProfiledCodeHeapSize                     = 122027880                              {pd product} {ergonomic}
    uintx ReservedCodeCacheSize                    = 251658240                              {pd product} {ergonomic}
     bool SegmentedCodeCache                       = true                                      {product} {ergonomic}
   size_t SoftMaxHeapSize                          = 67108864                               {manageable} {ergonomic}
     bool UseCompressedClassPointers               = true                           {product lp64_product} {ergonomic}
     bool UseCompressedOops                        = true                           {product lp64_product} {ergonomic}
     bool UseG1GC                                  = true                                      {product} {ergonomic}
     bool UseLargePagesIndividualAllocation        = false                                  {pd product} {ergonomic}

Logging:
Log output configuration:
 #0: stdout all=warning uptime,level,tags
 #1: stderr all=off uptime,level,tags

Environment Variables:
JAVA_HOME=C:\Program Files\Java\jdk17.0.13_11
PATH=C:\Program Files\Git\mingw64\bin;C:\Program Files\Git\usr\bin;C:\Users\tania\bin;C:\Program Files\Java\jdk17.0.13_11\bin;C:\windows\system32;C:\windows;C:\windows\System32\Wbem;C:\windows\System32\WindowsPowerShell\v1.0;C:\windows\System32\OpenSSH;C:\Program Files (x86)\NVIDIA Corporation\PhysX\Common;C:\Users\Administrator\AppData\Local\Microsoft\WindowsApps;C:\Program Files\HP\OMEN-Broadcast\Common;C:\Program Files (x86)\Microsoft SQL Server\160\Tools\Binn;C:\Program Files\Microsoft SQL Server\160\Tools\Binn;C:\Program Files\Microsoft SQL Server\Client SDK\ODBC\170\Tools\Binn;C:\Program Files\Microsoft SQL Server\160\DTS\Binn;C:\Program Files (x86)\Microsoft SQL Server\160\DTS\Binn;C:\Program Files\HP\HP One Agent;C:\Program Files\Microsoft SQL Server\150\Tools\Binn;C:\Program Files\dotnet;C:\Program Files (x86)\Windows Kits\10\Windows Performance Toolkit;C:\Program Files\apache-maven-3.9.9\bin;C:\Program Files\Gradle\gradle-8.12\bin;C:\WINDOWS\system32;C:\WINDOWS;C:\WINDOWS\System32\Wbem;C:\WINDOWS\System32\WindowsPowerShell\v1.0;C:\WINDOWS\System32\OpenSSH;C:\Users\tania\AppData\Local\nvm;C:\nvm4w\nodejs;C:\Program Files\NVIDIA Corporation\NVIDIA app\NvDLISR;C:\Program Files\MySQL\MySQL Shell 8.0\bin;C:\Users\tania\AppData\Local\Programs\Python\Python313\Scripts;C:\Users\tania\AppData\Local\Programs\Python\Python313;C:\Users\tania\AppData\Local\Microsoft\WindowsApps;C:\Users\tania\AppData\Local\Programs\Microsoft VS Code\bin;C:\Users\tania\.dotnet\tools;C:\Users\tania\AppData\Local\nvm;C:\nvm4w\nodejs
USERNAME=tania
TERM=xterm-256color
OS=Windows_NT
PROCESSOR_IDENTIFIER=AMD64 Family 25 Model 116 Stepping 1, AuthenticAMD
TMP=C:\Users\tania\AppData\Local\Temp
TEMP=C:\Users\tania\AppData\Local\Temp



Periodic native trim disabled


---------------  S Y S T E M  ---------------

OS:
 Windows 11 , 64 bit Build 26100 (10.0.26100.4768)
OS uptime: 16 days 20:30 hours
Hyper-V role detected

CPU: total 16 (initial active 16) (16 cores per cpu, 2 threads per core) family 25 model 116 stepping 1 microcode 0xa704109, cx8, cmov, fxsr, ht, mmx, 3dnowpref, sse, sse2, sse3, ssse3, sse4a, sse4.1, sse4.2, popcnt, lzcnt, tsc, tscinvbit, avx, avx2, aes, erms, clmul, bmi1, bmi2, adx, avx512f, avx512dq, avx512cd, avx512bw, avx512vl, sha, fma, vzeroupper, avx512_vpopcntdq, avx512_vpclmulqdq, avx512_vaes, avx512_vnni, clflush, clflushopt, avx512_vbmi2, avx512_vbmi, hv
Processor Information for processor 0
  Max Mhz: 3801, Current Mhz: 2516, Mhz Limit: 3801
Processor Information for processor 1
  Max Mhz: 3801, Current Mhz: 2516, Mhz Limit: 3801
Processor Information for processor 2
  Max Mhz: 3801, Current Mhz: 3801, Mhz Limit: 3801
Processor Information for processor 3
  Max Mhz: 3801, Current Mhz: 2516, Mhz Limit: 3801
Processor Information for processor 4
  Max Mhz: 3801, Current Mhz: 3801, Mhz Limit: 3801
Processor Information for processor 5
  Max Mhz: 3801, Current Mhz: 3801, Mhz Limit: 3801
Processor Information for processor 6
  Max Mhz: 3801, Current Mhz: 2516, Mhz Limit: 3801
Processor Information for processor 7
  Max Mhz: 3801, Current Mhz: 3801, Mhz Limit: 3801
Processor Information for processor 8
  Max Mhz: 3801, Current Mhz: 2516, Mhz Limit: 3801
Processor Information for processor 9
  Max Mhz: 3801, Current Mhz: 2516, Mhz Limit: 3801
Processor Information for processor 10
  Max Mhz: 3801, Current Mhz: 2516, Mhz Limit: 3801
Processor Information for processor 11
  Max Mhz: 3801, Current Mhz: 2516, Mhz Limit: 3801
Processor Information for processor 12
  Max Mhz: 3801, Current Mhz: 3801, Mhz Limit: 3801
Processor Information for processor 13
  Max Mhz: 3801, Current Mhz: 3801, Mhz Limit: 3801
Processor Information for processor 14
  Max Mhz: 3801, Current Mhz: 2516, Mhz Limit: 3801
Processor Information for processor 15
  Max Mhz: 3801, Current Mhz: 2516, Mhz Limit: 3801

Memory: 4k page, system-wide physical 15654M (1389M free)
TotalPageFile size 40156M (AvailPageFile size 0M)
current process WorkingSet (physical memory assigned to process): 16M, peak: 123M
current process commit charge ("private bytes"): 176M, peak: 194M

vm_info: OpenJDK 64-Bit Server VM (17.0.13+11-LTS) for windows-amd64 JRE (17.0.13+11-LTS), built on Oct 10 2024 19:51:30 by "Administrator" with MS VC++ 16.10 / 16.11 (VS2019)

END.
